Release 14.7 - xst P.20131013 (nt64)
Copyright (c) 1995-2013 Xilinx, Inc.  All rights reserved.
--> Parameter TMPDIR set to xst/projnav.tmp


Total REAL time to Xst completion: 0.00 secs
Total CPU time to Xst completion: 0.08 secs
 
--> Parameter xsthdpdir set to xst


Total REAL time to Xst completion: 0.00 secs
Total CPU time to Xst completion: 0.08 secs
 
--> Reading design: bandwidth_counter.prj

TABLE OF CONTENTS
  1) Synthesis Options Summary
  2) HDL Parsing
  3) HDL Elaboration
  4) HDL Synthesis
       4.1) HDL Synthesis Report
  5) Advanced HDL Synthesis
       5.1) Advanced HDL Synthesis Report
  6) Low Level Synthesis
  7) Partition Report
  8) Design Summary
       8.1) Primitive and Black Box Usage
       8.2) Device utilization summary
       8.3) Partition Resource Summary
       8.4) Timing Report
            8.4.1) Clock Information
            8.4.2) Asynchronous Control Signals Information
            8.4.3) Timing Summary
            8.4.4) Timing Details
            8.4.5) Cross Clock Domains Report


=========================================================================
*                      Synthesis Options Summary                        *
=========================================================================
---- Source Parameters
Input File Name                    : "bandwidth_counter.prj"
Ignore Synthesis Constraint File   : NO

---- Target Parameters
Output File Name                   : "bandwidth_counter"
Output Format                      : NGC
Target Device                      : xc6slx4-2-cpg196

---- Source Options
Top Module Name                    : bandwidth_counter
Automatic FSM Extraction           : YES
FSM Encoding Algorithm             : Auto
Safe Implementation                : No
FSM Style                          : LUT
RAM Extraction                     : Yes
RAM Style                          : Auto
ROM Extraction                     : Yes
Shift Register Extraction          : YES
ROM Style                          : Auto
Resource Sharing                   : YES
Asynchronous To Synchronous        : NO
Shift Register Minimum Size        : 2
Use DSP Block                      : Auto
Automatic Register Balancing       : No

---- Target Options
LUT Combining                      : Auto
Reduce Control Sets                : Auto
Add IO Buffers                     : YES
Global Maximum Fanout              : 100000
Add Generic Clock Buffer(BUFG)     : 16
Register Duplication               : YES
Optimize Instantiated Primitives   : NO
Use Clock Enable                   : Auto
Use Synchronous Set                : Auto
Use Synchronous Reset              : Auto
Pack IO Registers into IOBs        : Auto
Equivalent register Removal        : YES

---- General Options
Optimization Goal                  : Speed
Optimization Effort                : 1
Power Reduction                    : NO
Keep Hierarchy                     : No
Netlist Hierarchy                  : As_Optimized
RTL Output                         : Yes
Global Optimization                : AllClockNets
Read Cores                         : YES
Write Timing Constraints           : NO
Cross Clock Analysis               : NO
Hierarchy Separator                : /
Bus Delimiter                      : <>
Case Specifier                     : Maintain
Slice Utilization Ratio            : 100
BRAM Utilization Ratio             : 100
DSP48 Utilization Ratio            : 100
Auto BRAM Packing                  : NO
Slice Utilization Ratio Delta      : 5

---- Other Options
Cores Search Directories           : {"ipcore_dir"  }

=========================================================================


=========================================================================
*                          HDL Parsing                                  *
=========================================================================
Parsing VHDL file "\\warehouse2.seasad.wustl.edu\home\lbremer\cse462\counter_no_flow_control\ipcore_dir\dcm.vhd" into library work
Parsing entity <dcm>.
Parsing architecture <xilinx> of entity <dcm>.
Parsing VHDL file "\\warehouse2.seasad.wustl.edu\home\lbremer\cse462\counter_no_flow_control\ipcore_dir\fifo.vhd" into library work
Parsing entity <fifo>.
Parsing architecture <fifo_a> of entity <fifo>.
Parsing VHDL file "\\warehouse2.seasad.wustl.edu\home\lbremer\cse462\counter_no_flow_control\bandwidth_counter.vhd" into library work
Parsing entity <bandwidth_counter>.
Parsing architecture <Behavioral> of entity <bandwidth_counter>.

=========================================================================
*                            HDL Elaboration                            *
=========================================================================

Elaborating entity <bandwidth_counter> (architecture <Behavioral>) from library <work>.

Elaborating entity <dcm> (architecture <xilinx>) from library <work>.

Elaborating entity <fifo> (architecture <fifo_a>) from library <work>.

=========================================================================
*                           HDL Synthesis                               *
=========================================================================

Synthesizing Unit <bandwidth_counter>.
    Related source file is "\\warehouse2.seasad.wustl.edu\home\lbremer\cse462\counter_no_flow_control\bandwidth_counter.vhd".
    Found 2-bit register for signal <rd_state>.
    Found 2-bit register for signal <wr_state>.
    Found 1-bit register for signal <SIWU_L>.
    Found 1-bit register for signal <txe_state>.
    Found 8-bit register for signal <sigout>.
    Found 25-bit register for signal <counter>.
    Found 8-bit register for signal <Data>.
    Found finite state machine <FSM_0> for signal <rd_state>.
    -----------------------------------------------------------------------
    | States             | 3                                              |
    | Transitions        | 7                                              |
    | Inputs             | 3                                              |
    | Outputs            | 2                                              |
    | Clock              | clk_60 (rising_edge)                           |
    | Reset              | reset_ext (positive)                           |
    | Reset type         | synchronous                                    |
    | Reset State        | s0                                             |
    | Power Up State     | s0                                             |
    | Encoding           | auto                                           |
    | Implementation     | LUT                                            |
    -----------------------------------------------------------------------
    Found finite state machine <FSM_1> for signal <wr_state>.
    -----------------------------------------------------------------------
    | States             | 3                                              |
    | Transitions        | 4                                              |
    | Inputs             | 1                                              |
    | Outputs            | 4                                              |
    | Clock              | clk_30 (rising_edge)                           |
    | Reset              | reset_ext (positive)                           |
    | Reset type         | synchronous                                    |
    | Reset State        | t0                                             |
    | Power Up State     | t0                                             |
    | Encoding           | auto                                           |
    | Implementation     | LUT                                            |
    -----------------------------------------------------------------------
    Found 25-bit adder for signal <counter[24]_GND_6_o_add_27_OUT> created at line 362.
    Found 1-bit 4-to-1 multiplexer for signal <fifo_rd_en> created at line 218.
    Summary:
	inferred   1 Adder/Subtractor(s).
	inferred  43 D-type flip-flop(s).
	inferred   4 Multiplexer(s).
	inferred   2 Finite State Machine(s).
Unit <bandwidth_counter> synthesized.

Synthesizing Unit <dcm>.
    Related source file is "\\warehouse2.seasad.wustl.edu\home\lbremer\cse462\counter_no_flow_control\ipcore_dir\dcm.vhd".
    Summary:
	no macro.
Unit <dcm> synthesized.

=========================================================================
HDL Synthesis Report

Macro Statistics
# Adders/Subtractors                                   : 1
 25-bit adder                                          : 1
# Registers                                            : 5
 1-bit register                                        : 2
 25-bit register                                       : 1
 8-bit register                                        : 2
# Multiplexers                                         : 4
 1-bit 2-to-1 multiplexer                              : 3
 1-bit 4-to-1 multiplexer                              : 1
# FSMs                                                 : 2

=========================================================================

=========================================================================
*                       Advanced HDL Synthesis                          *
=========================================================================

Reading core <ipcore_dir/fifo.ngc>.
Loading core <fifo> for timing and area information for instance <fifo1>.

Synthesizing (advanced) Unit <bandwidth_counter>.
The following registers are absorbed into counter <counter>: 1 register on signal <counter>.
Unit <bandwidth_counter> synthesized (advanced).

=========================================================================
Advanced HDL Synthesis Report

Macro Statistics
# Counters                                             : 1
 25-bit up counter                                     : 1
# Registers                                            : 18
 Flip-Flops                                            : 18
# Multiplexers                                         : 3
 1-bit 2-to-1 multiplexer                              : 2
 1-bit 4-to-1 multiplexer                              : 1
# FSMs                                                 : 2

=========================================================================

=========================================================================
*                         Low Level Synthesis                           *
=========================================================================
Analyzing FSM <MFsm> for best encoding.
Optimizing FSM <FSM_1> on signal <wr_state[1:2]> with user encoding.
-------------------
 State | Encoding
-------------------
 t0    | 00
 t1    | 01
 t2    | 10
-------------------
Analyzing FSM <MFsm> for best encoding.
Optimizing FSM <FSM_0> on signal <rd_state[1:2]> with gray encoding.
-------------------
 State | Encoding
-------------------
 s0    | 00
 s1    | 01
 s2    | 11
-------------------

Optimizing unit <bandwidth_counter> ...

Mapping all equations...
Building and optimizing final netlist ...
Found area constraint ratio of 100 (+ 5) on block bandwidth_counter, actual ratio is 8.
INFO:Xst:2260 - The FF/Latch <U0/xst_fifo_generator/gconvfifo.rf/grf.rf/rstblk/ngwrdrst.grst.wr_rst_reg_1> in Unit <fifo1> is equivalent to the following FF/Latch : <U0/xst_fifo_generator/gconvfifo.rf/grf.rf/rstblk/ngwrdrst.grst.wr_rst_reg_0> 
INFO:Xst:2260 - The FF/Latch <U0/xst_fifo_generator/gconvfifo.rf/grf.rf/rstblk/ngwrdrst.grst.rd_rst_reg_2> in Unit <fifo1> is equivalent to the following 2 FFs/Latches : <U0/xst_fifo_generator/gconvfifo.rf/grf.rf/rstblk/ngwrdrst.grst.rd_rst_reg_1> <U0/xst_fifo_generator/gconvfifo.rf/grf.rf/rstblk/ngwrdrst.grst.rd_rst_reg_0> 
INFO:Xst:2260 - The FF/Latch <U0/xst_fifo_generator/gconvfifo.rf/grf.rf/gntv_or_sync_fifo.gl0.rd/gr1.rfwft/empty_fwft_i> in Unit <fifo1> is equivalent to the following FF/Latch : <U0/xst_fifo_generator/gconvfifo.rf/grf.rf/gntv_or_sync_fifo.gl0.rd/gr1.rfwft/empty_fwft_fb> 
INFO:Xst:2260 - The FF/Latch <U0/xst_fifo_generator/gconvfifo.rf/grf.rf/gntv_or_sync_fifo.gl0.wr/gwas.wsts/ram_full_i> in Unit <fifo1> is equivalent to the following FF/Latch : <U0/xst_fifo_generator/gconvfifo.rf/grf.rf/gntv_or_sync_fifo.gl0.wr/gwas.wsts/ram_full_fb_i> 
INFO:Xst:2260 - The FF/Latch <U0/xst_fifo_generator/gconvfifo.rf/grf.rf/rstblk/ngwrdrst.grst.wr_rst_reg_1> in Unit <fifo1> is equivalent to the following FF/Latch : <U0/xst_fifo_generator/gconvfifo.rf/grf.rf/rstblk/ngwrdrst.grst.wr_rst_reg_0> 
INFO:Xst:2260 - The FF/Latch <U0/xst_fifo_generator/gconvfifo.rf/grf.rf/rstblk/ngwrdrst.grst.rd_rst_reg_2> in Unit <fifo1> is equivalent to the following 2 FFs/Latches : <U0/xst_fifo_generator/gconvfifo.rf/grf.rf/rstblk/ngwrdrst.grst.rd_rst_reg_1> <U0/xst_fifo_generator/gconvfifo.rf/grf.rf/rstblk/ngwrdrst.grst.rd_rst_reg_0> 
INFO:Xst:2260 - The FF/Latch <U0/xst_fifo_generator/gconvfifo.rf/grf.rf/gntv_or_sync_fifo.gl0.rd/gr1.rfwft/empty_fwft_i> in Unit <fifo1> is equivalent to the following FF/Latch : <U0/xst_fifo_generator/gconvfifo.rf/grf.rf/gntv_or_sync_fifo.gl0.rd/gr1.rfwft/empty_fwft_fb> 
INFO:Xst:2260 - The FF/Latch <U0/xst_fifo_generator/gconvfifo.rf/grf.rf/gntv_or_sync_fifo.gl0.wr/gwas.wsts/ram_full_i> in Unit <fifo1> is equivalent to the following FF/Latch : <U0/xst_fifo_generator/gconvfifo.rf/grf.rf/gntv_or_sync_fifo.gl0.wr/gwas.wsts/ram_full_fb_i> 

Final Macro Processing ...

=========================================================================
Final Register Report

Macro Statistics
# Registers                                            : 47
 Flip-Flops                                            : 47

=========================================================================

=========================================================================
*                           Partition Report                            *
=========================================================================

Partition Implementation Status
-------------------------------

  No Partitions were found in this design.

-------------------------------

=========================================================================
*                            Design Summary                             *
=========================================================================

Top Level Output File Name         : bandwidth_counter.ngc

Primitive and Black Box Usage:
------------------------------
# BELS                             : 320
#      GND                         : 3
#      INV                         : 7
#      LUT1                        : 52
#      LUT2                        : 44
#      LUT3                        : 9
#      LUT4                        : 42
#      LUT5                        : 9
#      LUT6                        : 23
#      MUXCY                       : 78
#      VCC                         : 2
#      XORCY                       : 51
# FlipFlops/Latches                : 255
#      FD                          : 4
#      FDC                         : 116
#      FDCE                        : 63
#      FDP                         : 15
#      FDPE                        : 2
#      FDR                         : 36
#      FDRE                        : 12
#      FDS                         : 3
#      FDSE                        : 4
# RAMS                             : 8
#      RAMB16BWER                  : 8
# Clock Buffers                    : 2
#      BUFG                        : 2
# IO Buffers                       : 36
#      IBUF                        : 3
#      IBUFDS                      : 8
#      IBUFG                       : 1
#      OBUF                        : 24
# DCMs                             : 1
#      DCM_SP                      : 1

Device utilization summary:
---------------------------

Selected Device : 6slx4cpg196-2 


Slice Logic Utilization: 
 Number of Slice Registers:             247  out of   4800     5%  
 Number of Slice LUTs:                  186  out of   2400     7%  
    Number used as Logic:               186  out of   2400     7%  

Slice Logic Distribution: 
 Number of LUT Flip Flop pairs used:    316
   Number with an unused Flip Flop:      69  out of    316    21%  
   Number with an unused LUT:           130  out of    316    41%  
   Number of fully used LUT-FF pairs:   117  out of    316    37%  
   Number of unique control sets:        21

IO Utilization: 
 Number of IOs:                          44
 Number of bonded IOBs:                  44  out of    106    41%  
    IOB Flip Flops/Latches:               8

Specific Feature Utilization:
 Number of Block RAM/FIFO:                8  out of     12    66%  
    Number using Block RAM only:          8
 Number of BUFG/BUFGCTRLs:                2  out of     16    12%  

---------------------------
Partition Resource Summary:
---------------------------

  No Partitions were found in this design.

---------------------------


=========================================================================
Timing Report

NOTE: THESE TIMING NUMBERS ARE ONLY A SYNTHESIS ESTIMATE.
      FOR ACCURATE TIMING INFORMATION PLEASE REFER TO THE TRACE REPORT
      GENERATED AFTER PLACE-and-ROUTE.

Clock Information:
------------------
-----------------------------------+------------------------+-------+
Clock Signal                       | Clock buffer(FF name)  | Load  |
-----------------------------------+------------------------+-------+
clk_ext                            | DCM_SP:CLKFX           | 149   |
clk_ext                            | DCM_SP:CLK0            | 122   |
-----------------------------------+------------------------+-------+

Asynchronous Control Signals Information:
----------------------------------------
No asynchronous control signals found in this design

Timing Summary:
---------------
Speed Grade: -2

   Minimum period: 5.187ns (Maximum Frequency: 192.800MHz)
   Minimum input arrival time before clock: 6.132ns
   Maximum output required time after clock: 5.280ns
   Maximum combinational path delay: 6.016ns

Timing Details:
---------------
All values displayed in nanoseconds (ns)

=========================================================================
Timing constraint: Default period analysis for Clock 'clk_ext'
  Clock period: 5.187ns (frequency: 192.800MHz)
  Total number of paths / destination ports: 2211 / 838
-------------------------------------------------------------------------
Delay:               5.187ns (Levels of Logic = 3)
  Source:            rd_state_FSM_FFd2 (FF)
  Destination:       fifo1/U0/xst_fifo_generator/gconvfifo.rf/grf.rf/gntv_or_sync_fifo.gl0.rd/rpntr/gc0.count_d1_13 (FF)
  Source Clock:      clk_ext rising
  Destination Clock: clk_ext rising

  Data Path: rd_state_FSM_FFd2 to fifo1/U0/xst_fifo_generator/gconvfifo.rf/grf.rf/gntv_or_sync_fifo.gl0.rd/rpntr/gc0.count_d1_13
                                Gate     Net
    Cell:in->out      fanout   Delay   Delay  Logical Name (Net Name)
    ----------------------------------------  ------------
     FDR:C->Q              3   0.525   0.994  rd_state_FSM_FFd2 (rd_state_FSM_FFd2)
     LUT4:I1->O           16   0.235   1.458  Mmux_fifo_rd_en11 (fifo_rd_en)
     begin scope: 'fifo1:rd_en'
     LUT4:I0->O           26   0.254   1.419  U0/xst_fifo_generator/gconvfifo.rf/grf.rf/gntv_or_sync_fifo.gl0.rd/gr1.rfwft/Mmux_RAM_RD_EN_FWFT11 (U0/xst_fifo_generator/gconvfifo.rf/grf.rf/ram_rd_en)
     FDCE:CE                   0.302          U0/xst_fifo_generator/gconvfifo.rf/grf.rf/gntv_or_sync_fifo.gl0.rd/rpntr/gc0.count_1
    ----------------------------------------
    Total                      5.187ns (1.316ns logic, 3.871ns route)
                                       (25.4% logic, 74.6% route)

=========================================================================
Timing constraint: Default OFFSET IN BEFORE for Clock 'clk_ext'
  Total number of paths / destination ports: 124 / 115
-------------------------------------------------------------------------
Offset:              6.132ns (Levels of Logic = 4)
  Source:            TXE_L (PAD)
  Destination:       fifo1/U0/xst_fifo_generator/gconvfifo.rf/grf.rf/gntv_or_sync_fifo.gl0.rd/rpntr/gc0.count_d1_13 (FF)
  Destination Clock: clk_ext rising

  Data Path: TXE_L to fifo1/U0/xst_fifo_generator/gconvfifo.rf/grf.rf/gntv_or_sync_fifo.gl0.rd/rpntr/gc0.count_d1_13
                                Gate     Net
    Cell:in->out      fanout   Delay   Delay  Logical Name (Net Name)
    ----------------------------------------  ------------
     IBUF:I->O             5   1.328   1.117  TXE_L_IBUF (TXE_L_IBUF)
     LUT4:I0->O           16   0.254   1.458  Mmux_fifo_rd_en11 (fifo_rd_en)
     begin scope: 'fifo1:rd_en'
     LUT4:I0->O           26   0.254   1.419  U0/xst_fifo_generator/gconvfifo.rf/grf.rf/gntv_or_sync_fifo.gl0.rd/gr1.rfwft/Mmux_RAM_RD_EN_FWFT11 (U0/xst_fifo_generator/gconvfifo.rf/grf.rf/ram_rd_en)
     FDCE:CE                   0.302          U0/xst_fifo_generator/gconvfifo.rf/grf.rf/gntv_or_sync_fifo.gl0.rd/rpntr/gc0.count_1
    ----------------------------------------
    Total                      6.132ns (2.138ns logic, 3.994ns route)
                                       (34.9% logic, 65.1% route)

=========================================================================
Timing constraint: Default OFFSET OUT AFTER for Clock 'clk_ext'
  Total number of paths / destination ports: 20 / 20
-------------------------------------------------------------------------
Offset:              5.280ns (Levels of Logic = 2)
  Source:            rd_state_FSM_FFd1 (FF)
  Destination:       WR_L (PAD)
  Source Clock:      clk_ext rising

  Data Path: rd_state_FSM_FFd1 to WR_L
                                Gate     Net
    Cell:in->out      fanout   Delay   Delay  Logical Name (Net Name)
    ----------------------------------------  ------------
     FDR:C->Q              4   0.525   0.912  rd_state_FSM_FFd1 (rd_state_FSM_FFd1)
     LUT2:I0->O            1   0.250   0.681  Mmux_WR_L11 (WR_L_OBUF)
     OBUF:I->O                 2.912          WR_L_OBUF (WR_L)
    ----------------------------------------
    Total                      5.280ns (3.687ns logic, 1.593ns route)
                                       (69.8% logic, 30.2% route)

=========================================================================
Timing constraint: Default path analysis
  Total number of paths / destination ports: 1 / 1
-------------------------------------------------------------------------
Delay:               6.016ns (Levels of Logic = 3)
  Source:            TXE_L (PAD)
  Destination:       WR_L (PAD)

  Data Path: TXE_L to WR_L
                                Gate     Net
    Cell:in->out      fanout   Delay   Delay  Logical Name (Net Name)
    ----------------------------------------  ------------
     IBUF:I->O             5   1.328   0.841  TXE_L_IBUF (TXE_L_IBUF)
     LUT2:I1->O            1   0.254   0.681  Mmux_WR_L11 (WR_L_OBUF)
     OBUF:I->O                 2.912          WR_L_OBUF (WR_L)
    ----------------------------------------
    Total                      6.016ns (4.494ns logic, 1.522ns route)
                                       (74.7% logic, 25.3% route)

=========================================================================

Cross Clock Domains Report:
--------------------------

Clock to Setup on destination clock clk_ext
---------------+---------+---------+---------+---------+
               | Src:Rise| Src:Fall| Src:Rise| Src:Fall|
Source Clock   |Dest:Rise|Dest:Rise|Dest:Fall|Dest:Fall|
---------------+---------+---------+---------+---------+
clk_ext        |    5.187|         |         |         |
---------------+---------+---------+---------+---------+

=========================================================================


Total REAL time to Xst completion: 7.00 secs
Total CPU time to Xst completion: 6.86 secs
 
--> 

Total memory usage is 274560 kilobytes

Number of errors   :    0 (   0 filtered)
Number of warnings :    0 (   0 filtered)
Number of infos    :    8 (   0 filtered)

