ISim log file
Running: H:\cse462\final_cleaned\usb_adc_isim_beh.exe -intstyle ise -gui -tclbatch isim.cmd -wdb H:/cse462/final_cleaned/usb_adc_isim_beh.wdb 
ISim P.20131013 (signature 0x7708f090)
This is a Full version of ISim.
Time resolution is 1 ps
# onerror resume
# wave add /
# run 1000 ns
Simulator is doing circuit initialization process.
at 0 ps: Note: WARNING: Behavioral models for independent clock FIFO configurations do not model synchronization delays. The behavioral models are functionally correct, and will represent the behavior of the configured FIFO. See the FIFO Generator User Guide for more information. (/usb_adc/fifo1/U0/gconvfifo/inst_conv_fifo/).
at 0 ps, Instance /usb_adc/\gen_sr(0)\/inst_shift_reg/U0/i_bb_inst/ : Warning: NUMERIC_STD.TO_UNSIGNED: vector truncated
at 0 ps, Instance /usb_adc/\gen_sr(1)\/inst_shift_reg/U0/i_bb_inst/ : Warning: NUMERIC_STD.TO_UNSIGNED: vector truncated
at 0 ps, Instance /usb_adc/\gen_sr(2)\/inst_shift_reg/U0/i_bb_inst/ : Warning: NUMERIC_STD.TO_UNSIGNED: vector truncated
at 0 ps, Instance /usb_adc/\gen_sr(3)\/inst_shift_reg/U0/i_bb_inst/ : Warning: NUMERIC_STD.TO_UNSIGNED: vector truncated
at 0 ps, Instance /usb_adc/\gen_sr(4)\/inst_shift_reg/U0/i_bb_inst/ : Warning: NUMERIC_STD.TO_UNSIGNED: vector truncated
at 0 ps, Instance /usb_adc/\gen_sr(5)\/inst_shift_reg/U0/i_bb_inst/ : Warning: NUMERIC_STD.TO_UNSIGNED: vector truncated
at 0 ps, Instance /usb_adc/\gen_sr(6)\/inst_shift_reg/U0/i_bb_inst/ : Warning: NUMERIC_STD.TO_UNSIGNED: vector truncated
at 0 ps, Instance /usb_adc/\gen_sr(7)\/inst_shift_reg/U0/i_bb_inst/ : Warning: NUMERIC_STD.TO_UNSIGNED: vector truncated
Finished circuit initialization process.
# restart
# source simulation2.tcl
Simulator is doing circuit initialization process.
at 0 ps: Note: WARNING: Behavioral models for independent clock FIFO configurations do not model synchronization delays. The behavioral models are functionally correct, and will represent the behavior of the configured FIFO. See the FIFO Generator User Guide for more information. (/usb_adc/fifo1/U0/gconvfifo/inst_conv_fifo/).
at 0 ps, Instance /usb_adc/\gen_sr(0)\/inst_shift_reg/U0/i_bb_inst/ : Warning: NUMERIC_STD.TO_UNSIGNED: vector truncated
at 0 ps, Instance /usb_adc/\gen_sr(1)\/inst_shift_reg/U0/i_bb_inst/ : Warning: NUMERIC_STD.TO_UNSIGNED: vector truncated
at 0 ps, Instance /usb_adc/\gen_sr(2)\/inst_shift_reg/U0/i_bb_inst/ : Warning: NUMERIC_STD.TO_UNSIGNED: vector truncated
at 0 ps, Instance /usb_adc/\gen_sr(3)\/inst_shift_reg/U0/i_bb_inst/ : Warning: NUMERIC_STD.TO_UNSIGNED: vector truncated
at 0 ps, Instance /usb_adc/\gen_sr(4)\/inst_shift_reg/U0/i_bb_inst/ : Warning: NUMERIC_STD.TO_UNSIGNED: vector truncated
at 0 ps, Instance /usb_adc/\gen_sr(5)\/inst_shift_reg/U0/i_bb_inst/ : Warning: NUMERIC_STD.TO_UNSIGNED: vector truncated
at 0 ps, Instance /usb_adc/\gen_sr(6)\/inst_shift_reg/U0/i_bb_inst/ : Warning: NUMERIC_STD.TO_UNSIGNED: vector truncated
at 0 ps, Instance /usb_adc/\gen_sr(7)\/inst_shift_reg/U0/i_bb_inst/ : Warning: NUMERIC_STD.TO_UNSIGNED: vector truncated
Finished circuit initialization process.
The simulator has terminated in an unexpected manner.  Please review the ISim log (isim.log) for details.
