ISim log file
Running: H:\cse462\counter\counter_isim_beh.exe -intstyle ise -gui -tclbatch isim.cmd -wdb H:/cse462/counter/counter_isim_beh.wdb 
ISim P.20131013 (signature 0x7708f090)
----------------------------------------------------------------------
INFO:Security:50 - The XILINXD_LICENSE_FILE environment variable is set to '27017@licensing02.seas.wustl.edu'.
INFO:Security:53 - The LM_LICENSE_FILE environment variable is not set.
WARNING:Security:43 - No license file was found in the standard Xilinx license directory.
WARNING:Security:44 - Since no license file was found,
       please run the Xilinx License Configuration Manager
       (xlcm or "Manage Xilinx Licenses")
       to assist in obtaining a license.
WARNING:Security:42 - Your software subscription period has lapsed. Your current version of Xilinx tools will continue to function, but you no longer qualify for Xilinx software updates or new releases.


----------------------------------------------------------------------
This is a Full version of ISim.
Time resolution is 1 ps
# onerror resume
# wave add /
# run 1000 ns
Simulator is doing circuit initialization process.
at 0 ps: Note: WARNING: Behavioral models for independent clock FIFO configurations do not model synchronization delays. The behavioral models are functionally correct, and will represent the behavior of the configured FIFO. See the FIFO Generator User Guide for more information. (/counter/fifo_map/U0/gconvfifo/inst_conv_fifo/).
Finished circuit initialization process.
# isim force add /counter/clk_ext 1 -radix bin -value 0 -radix bin -time 50 ns -repeat 100 ns
# isim force add /counter/reset_ext 1 -radix bin
# isim force add /counter/reset_ext 1 -radix bin
# isim force add /counter/txe_l 1 -radix bin
# isim force add /counter/txe_l 1 -radix bin
# run 250 ns
# run 250 ns
# isim force add /counter/reset_ext 0 -radix bin
# isim force add /counter/reset_ext 0 -radix bin
# run 250 ns
# run 250 ns
# run 250 ns
at 2200 ns(4), Instance /counter/ : Warning: There is an 'U'|'X'|'W'|'Z'|'-' in an arithmetic operand, the result will be 'X'(es).
# run 250 ns
# run 250 ns
# run 250 ns
