INFO:sim:172 - Generating IP...
Applying current project options...
Finished applying current project options.
WARNING:sim - A core named 'dcm' already exists in the project. Output products
   for this core may be overwritten.
Resolving generics for 'dcm'...
WARNING:sim - A core named 'dcm' already exists in the project. Output products
   for this core may be overwritten.
Applying external generics to 'dcm'...
Delivering associated files for 'dcm'...
WARNING:sim - Component clk_wiz_v3_6 does not have a valid model name for VHDL
   synthesis
Delivering EJava files for 'dcm'...
Delivered 3 files into directory H:/cse462/Loopback_FSM/ipcore_dir/tmp/_cg/dcm
Delivered 1 file into directory H:/cse462/Loopback_FSM/ipcore_dir/tmp/_cg/dcm
Generating ASY schematic symbol...
Loading device for application Rf_Device from file '6slx4.nph' in environment
C:\Programs\Xilinx\14.7\ISE_DS\ISE\.
INFO:sim:949 - Finished generation of ASY schematic symbol.
Generating SYM schematic symbol for 'dcm'...
Generating ISE project...
XCO file found: dcm.xco
XMDF file found: dcm_xmdf.tcl
Adding H:/cse462/Loopback_FSM/ipcore_dir/tmp/_cg/dcm.asy -view all -origin_type
imported
Adding H:/cse462/Loopback_FSM/ipcore_dir/tmp/_cg/dcm.ucf -view all -origin_type
created
Adding H:/cse462/Loopback_FSM/ipcore_dir/tmp/_cg/dcm.vhd -view all -origin_type
created
INFO:HDLCompiler:1061 - Parsing VHDL file
   "H:/cse462/Loopback_FSM/ipcore_dir/tmp/_cg/dcm.vhd" into library work
INFO:ProjectMgmt - Parsing design hierarchy completed successfully.
Adding H:/cse462/Loopback_FSM/ipcore_dir/tmp/_cg/dcm.vho -view all -origin_type
imported
INFO:TclTasksC:2116 - The automatic calculation of top has been turned-off.
   Please set the new top explicitly by running the "project set top" command.
   To re-calculate the new top automatically, set the "Auto Implementation Top"
   property to true.
Top level has been set to "/dcm"
Generating README file...
Generating FLIST file...
INFO:sim:948 - Finished FLIST file generation.
Launching README viewer...
Moving files to output directory...
Finished moving files to output directory
Wrote CGP file for project 'dcm'.
