Running: C:\Xilinx\14.7\ISE_DS\ISE\bin\nt64\unwrapped\fuse.exe -intstyle ise -incremental -lib secureip -o H:/cse462/Loopback_FSM/fsm_isim_beh.exe -prj H:/cse462/Loopback_FSM/fsm_beh.prj work.fsm 
ISim P.20131013 (signature 0x7708f090)
Number of CPUs detected in this system: 8
Turning on mult-threading, number of parallel sub-compilation jobs: 16 
Determining compilation order of HDL files
Parsing VHDL file "H:/cse462/Loopback_FSM/ipcore_dir/dcm.vhd" into library work
Parsing VHDL file "H:/cse462/Loopback_FSM/ipcore_dir/dcm/example_design/dcm_exdes.vhd" into library work
Parsing VHDL file "H:/cse462/Loopback_FSM/fsm.vhd" into library work
Starting static elaboration
Completed static elaboration
Compiling package standard
Compiling package std_logic_1164
Compiling package std_logic_arith
Compiling package std_logic_unsigned
Compiling package vcomponents
Compiling package numeric_std
Compiling package textio
Compiling package vital_timing
Compiling package vital_primitives
Compiling package vpkg
Compiling architecture ibufg_v of entity IBUFG [\IBUFG("DONT_CARE","0",true,"DEF...]
Compiling architecture dcm_sp_clock_divide_by_2_v of entity dcm_sp_clock_divide_by_2 [dcm_sp_clock_divide_by_2_default]
Compiling architecture dcm_sp_maximum_period_check_v of entity dcm_sp_maximum_period_check [\dcm_sp_maximum_period_check("*"...]
Compiling architecture dcm_sp_maximum_period_check_v of entity dcm_sp_maximum_period_check [\dcm_sp_maximum_period_check("*"...]
Compiling architecture dcm_sp_clock_lost_v of entity dcm_sp_clock_lost [dcm_sp_clock_lost_default]
Compiling architecture dcm_sp_v of entity DCM_SP [\DCM_SP(true,"*",true,false,2.0,...]
Compiling architecture bufg_v of entity BUFG [bufg_default]
Compiling architecture xilinx of entity dcm [dcm_default]
Compiling architecture ibufds_v of entity IBUFDS [\IBUFDS("DONT_CARE",false,"FALSE...]
Compiling architecture behavioral of entity fsm
Time Resolution for simulation is 1ps.
Waiting for 1 sub-compilation(s) to finish...
Compiled 29 VHDL Units
Built simulation executable H:/cse462/Loopback_FSM/fsm_isim_beh.exe
Fuse Memory Usage: 57608 KB
Fuse CPU Usage: 779 ms
