Release 14.7 Map P.20131013 (nt64)
Xilinx Mapping Report File for Design 'bandwidth_counter'

Design Information
------------------
Command Line   : map -intstyle ise -p xc6slx4-cpg196-2 -w -logic_opt off -ol
high -t 1 -xt 0 -register_duplication off -r 4 -global_opt off -mt off -ir off
-pr off -lc off -power off -o bandwidth_counter_map.ncd bandwidth_counter.ngd
bandwidth_counter.pcf 
Target Device  : xc6slx4
Target Package : cpg196
Target Speed   : -2
Mapper Version : spartan6 -- $Revision: 1.55 $
Mapped Date    : Thu Apr 23 20:20:58 2015

Design Summary
--------------
Number of errors:      0
Number of warnings:    0
Slice Logic Utilization:
  Number of Slice Registers:                   363 out of   4,800    7%
    Number used as Flip Flops:                 363
    Number used as Latches:                      0
    Number used as Latch-thrus:                  0
    Number used as AND/OR logics:                0
  Number of Slice LUTs:                        337 out of   2,400   14%
    Number used as logic:                      268 out of   2,400   11%
      Number using O6 output only:             157
      Number using O5 output only:              56
      Number using O5 and O6:                   55
      Number used as ROM:                        0
    Number used as Memory:                      56 out of   1,200    4%
      Number used as Dual Port RAM:              0
      Number used as Single Port RAM:            0
      Number used as Shift Register:            56
        Number using O6 output only:            56
        Number using O5 output only:             0
        Number using O5 and O6:                  0
    Number used exclusively as route-thrus:     13
      Number with same-slice register load:      9
      Number with same-slice carry load:         4
      Number with other load:                    0

Slice Logic Distribution:
  Number of occupied Slices:                   155 out of     600   25%
  Number of MUXCYs used:                       164 out of   1,200   13%
  Number of LUT Flip Flop pairs used:          455
    Number with an unused Flip Flop:           122 out of     455   26%
    Number with an unused LUT:                 118 out of     455   25%
    Number of fully used LUT-FF pairs:         215 out of     455   47%
    Number of unique control sets:              33
    Number of slice register sites lost
      to control set restrictions:              77 out of   4,800    1%

  A LUT Flip Flop pair for this architecture represents one LUT paired with
  one Flip Flop within a slice.  A control set is a unique combination of
  clock, reset, set, and enable signals for a registered element.
  The Slice Logic Distribution report is not meaningful if the design is
  over-mapped for a non-slice resource or if Placement fails.

IO Utilization:
  Number of bonded IOBs:                        45 out of     106   42%
    Number of LOCed IOBs:                       45 out of      45  100%

Specific Feature Utilization:
  Number of RAMB16BWERs:                         8 out of      12   66%
  Number of RAMB8BWERs:                          0 out of      24    0%
  Number of BUFIO2/BUFIO2_2CLKs:                 1 out of      32    3%
    Number used as BUFIO2s:                      1
    Number used as BUFIO2_2CLKs:                 0
  Number of BUFIO2FB/BUFIO2FB_2CLKs:             1 out of      32    3%
    Number used as BUFIO2FBs:                    1
    Number used as BUFIO2FB_2CLKs:               0
  Number of BUFG/BUFGMUXs:                       4 out of      16   25%
    Number used as BUFGs:                        4
    Number used as BUFGMUX:                      0
  Number of DCM/DCM_CLKGENs:                     0 out of       4    0%
  Number of ILOGIC2/ISERDES2s:                   0 out of     200    0%
  Number of IODELAY2/IODRP2/IODRP2_MCBs:         0 out of     200    0%
  Number of OLOGIC2/OSERDES2s:                   0 out of     200    0%
  Number of BSCANs:                              0 out of       4    0%
  Number of BUFHs:                               0 out of     128    0%
  Number of BUFPLLs:                             0 out of       8    0%
  Number of BUFPLL_MCBs:                         0 out of       4    0%
  Number of DSP48A1s:                            0 out of       8    0%
  Number of ICAPs:                               0 out of       1    0%
  Number of PCILOGICSEs:                         0 out of       2    0%
  Number of PLL_ADVs:                            1 out of       2   50%
  Number of PMVs:                                0 out of       1    0%
  Number of STARTUPs:                            0 out of       1    0%
  Number of SUSPEND_SYNCs:                       0 out of       1    0%

Average Fanout of Non-Clock Nets:                3.92

Peak Memory Usage:  417 MB
Total REAL time to MAP completion:  30 secs 
Total CPU time to MAP completion:   25 secs 

Table of Contents
-----------------
Section 1 - Errors
Section 2 - Warnings
Section 3 - Informational
Section 4 - Removed Logic Summary
Section 5 - Removed Logic
Section 6 - IOB Properties
Section 7 - RPMs
Section 8 - Guide Report
Section 9 - Area Group and Partition Summary
Section 10 - Timing Report
Section 11 - Configuration String Information
Section 12 - Control Set Information
Section 13 - Utilization by Hierarchy

Section 1 - Errors
------------------

Section 2 - Warnings
--------------------

Section 3 - Informational
-------------------------
INFO:MapLib:562 - No environment variables are currently set.
INFO:Pack:1716 - Initializing temperature to 85.000 Celsius. (default - Range:
   0.000 to 85.000 Celsius)
INFO:Pack:1720 - Initializing voltage to 1.140 Volts. (default - Range: 1.140 to
   1.260 Volts)
INFO:Map:215 - The Interim Design Summary has been generated in the MAP Report
   (.mrp).
INFO:Pack:1650 - Map created a placed design.

Section 4 - Removed Logic Summary
---------------------------------
  21 block(s) optimized away

Section 5 - Removed Logic
-------------------------

Optimized Block(s):
TYPE 		BLOCK
GND 		GEN_SR[0].inst_shift_reg/blk00000001/blk00000002/blk00000004
VCC 		GEN_SR[0].inst_shift_reg/blk00000001/blk00000002/blk00000005
GND 		GEN_SR[1].inst_shift_reg/blk00000001/blk00000002/blk00000004
VCC 		GEN_SR[1].inst_shift_reg/blk00000001/blk00000002/blk00000005
GND 		GEN_SR[2].inst_shift_reg/blk00000001/blk00000002/blk00000004
VCC 		GEN_SR[2].inst_shift_reg/blk00000001/blk00000002/blk00000005
GND 		GEN_SR[3].inst_shift_reg/blk00000001/blk00000002/blk00000004
VCC 		GEN_SR[3].inst_shift_reg/blk00000001/blk00000002/blk00000005
GND 		GEN_SR[4].inst_shift_reg/blk00000001/blk00000002/blk00000004
VCC 		GEN_SR[4].inst_shift_reg/blk00000001/blk00000002/blk00000005
GND 		GEN_SR[5].inst_shift_reg/blk00000001/blk00000002/blk00000004
VCC 		GEN_SR[5].inst_shift_reg/blk00000001/blk00000002/blk00000005
GND 		GEN_SR[6].inst_shift_reg/blk00000001/blk00000002/blk00000004
VCC 		GEN_SR[6].inst_shift_reg/blk00000001/blk00000002/blk00000005
GND 		GEN_SR[7].inst_shift_reg/blk00000001/blk00000002/blk00000004
VCC 		GEN_SR[7].inst_shift_reg/blk00000001/blk00000002/blk00000005
GND 		XST_GND
VCC 		XST_VCC
GND
		fifo1/U0/xst_fifo_generator/gconvfifo.rf/grf.rf/gntv_or_sync_fifo.mem/gbm.gbmg
.gbmga.ngecc.bmg/gnativebmg.native_blk_mem_gen/valid.cstr/XST_GND
GND 		fifo1/XST_GND
VCC 		fifo1/XST_VCC

To enable printing of redundant blocks removed and signals merged, set the
detailed map report option and rerun map.

Section 6 - IOB Properties
--------------------------

+---------------------------------------------------------------------------------------------------------------------------------------------------------+
| IOB Name                           | Type             | Direction | IO Standard          | Diff  | Drive    | Slew | Reg (s)      | Resistor | IOB      |
|                                    |                  |           |                      | Term  | Strength | Rate |              |          | Delay    |
+---------------------------------------------------------------------------------------------------------------------------------------------------------+
| Data<0>                            | IOB              | OUTPUT    | LVCMOS33             |       | 24       | FAST |              |          |          |
| Data<1>                            | IOB              | OUTPUT    | LVCMOS33             |       | 24       | FAST |              |          |          |
| Data<2>                            | IOB              | OUTPUT    | LVCMOS33             |       | 24       | FAST |              |          |          |
| Data<3>                            | IOB              | OUTPUT    | LVCMOS33             |       | 24       | FAST |              |          |          |
| Data<4>                            | IOB              | OUTPUT    | LVCMOS33             |       | 24       | FAST |              |          |          |
| Data<5>                            | IOB              | OUTPUT    | LVCMOS33             |       | 24       | FAST |              |          |          |
| Data<6>                            | IOB              | OUTPUT    | LVCMOS33             |       | 24       | FAST |              |          |          |
| Data<7>                            | IOB              | OUTPUT    | LVCMOS33             |       | 24       | FAST |              |          |          |
| OE_L                               | IOB              | OUTPUT    | LVCMOS33             |       | 24       | FAST |              |          |          |
| RD_L                               | IOB              | OUTPUT    | LVCMOS33             |       | 24       | FAST |              |          |          |
| RXF_L                              | IOB              | INPUT     | LVCMOS33             |       |          |      |              |          |          |
| SIWU_L                             | IOB              | OUTPUT    | LVCMOS33             |       | 24       | FAST |              |          |          |
| TXE_L                              | IOB              | INPUT     | LVCMOS33             |       |          |      |              |          |          |
| WR_L                               | IOB              | OUTPUT    | LVCMOS33             |       | 24       | FAST |              |          |          |
| clk_ext                            | IOB              | INPUT     | LVCMOS33             |       |          |      |              |          |          |
| led0_out                           | IOB              | OUTPUT    | LVCMOS33             |       | 24       | FAST |              |          |          |
| led1_out                           | IOB              | OUTPUT    | LVCMOS33             |       | 24       | FAST |              |          |          |
| led2_out                           | IOB              | OUTPUT    | LVCMOS33             |       | 24       | FAST |              |          |          |
| led3_out                           | IOB              | OUTPUT    | LVCMOS33             |       | 24       | FAST |              |          |          |
| reset_ext                          | IOB              | INPUT     | LVCMOS33             |       |          |      |              |          |          |
| sigin_n<0>                         | IOB              | INPUT     | LVDS_33              | FALSE |          |      |              |          |          |
| sigin_n<1>                         | IOB              | INPUT     | LVDS_33              | FALSE |          |      |              |          |          |
| sigin_n<2>                         | IOB              | INPUT     | LVDS_33              | FALSE |          |      |              |          |          |
| sigin_n<3>                         | IOB              | INPUT     | LVDS_33              | FALSE |          |      |              |          |          |
| sigin_n<4>                         | IOB              | INPUT     | LVDS_33              | FALSE |          |      |              |          |          |
| sigin_n<5>                         | IOB              | INPUT     | LVDS_33              | FALSE |          |      |              |          |          |
| sigin_n<6>                         | IOB              | INPUT     | LVDS_33              | FALSE |          |      |              |          |          |
| sigin_n<7>                         | IOB              | INPUT     | LVDS_33              | FALSE |          |      |              |          |          |
| sigin_p<0>                         | IOB              | INPUT     | LVDS_33              | FALSE |          |      |              |          |          |
| sigin_p<1>                         | IOB              | INPUT     | LVDS_33              | FALSE |          |      |              |          |          |
| sigin_p<2>                         | IOB              | INPUT     | LVDS_33              | FALSE |          |      |              |          |          |
| sigin_p<3>                         | IOB              | INPUT     | LVDS_33              | FALSE |          |      |              |          |          |
| sigin_p<4>                         | IOB              | INPUT     | LVDS_33              | FALSE |          |      |              |          |          |
| sigin_p<5>                         | IOB              | INPUT     | LVDS_33              | FALSE |          |      |              |          |          |
| sigin_p<6>                         | IOB              | INPUT     | LVDS_33              | FALSE |          |      |              |          |          |
| sigin_p<7>                         | IOB              | INPUT     | LVDS_33              | FALSE |          |      |              |          |          |
| sigout<0>                          | IOB              | OUTPUT    | LVCMOS33             |       | 24       | FAST |              |          |          |
| sigout<1>                          | IOB              | OUTPUT    | LVCMOS33             |       | 24       | FAST |              |          |          |
| sigout<2>                          | IOB              | OUTPUT    | LVCMOS33             |       | 24       | FAST |              |          |          |
| sigout<3>                          | IOB              | OUTPUT    | LVCMOS33             |       | 24       | FAST |              |          |          |
| sigout<4>                          | IOB              | OUTPUT    | LVCMOS33             |       | 24       | FAST |              |          |          |
| sigout<5>                          | IOB              | OUTPUT    | LVCMOS33             |       | 24       | FAST |              |          |          |
| sigout<6>                          | IOB              | OUTPUT    | LVCMOS33             |       | 24       | FAST |              |          |          |
| sigout<7>                          | IOB              | OUTPUT    | LVCMOS33             |       | 24       | FAST |              |          |          |
| switch_channel                     | IOB              | INPUT     | LVCMOS33             |       |          |      |              |          |          |
+---------------------------------------------------------------------------------------------------------------------------------------------------------+

Section 7 - RPMs
----------------

Section 8 - Guide Report
------------------------
Guide not run on this design.

Section 9 - Area Group and Partition Summary
--------------------------------------------

Partition Implementation Status
-------------------------------

  No Partitions were found in this design.

-------------------------------

Area Group Information
----------------------

  No area groups were found in this design.

----------------------

Section 10 - Timing Report
--------------------------
A logic-level (pre-route) timing report can be generated by using Xilinx static
timing analysis tools, Timing Analyzer (GUI) or TRCE (command line), with the
mapped NCD and PCF files. Please note that this timing report will be generated
using estimated delay information. For accurate numbers, please generate a
timing report with the post Place and Route NCD file.

For more information about the Timing Analyzer, consult the Xilinx Timing
Analyzer Reference Manual; for more information about TRCE, consult the Xilinx
Command Line Tools User Guide "TRACE" chapter.

Section 11 - Configuration String Details
-----------------------------------------
Use the "-detail" map option to print out Configuration Strings

Section 12 - Control Set Information
------------------------------------
Use the "-detail" map option to print out Control Set Information.

Section 13 - Utilization by Hierarchy
-------------------------------------
Use the "-detail" map option to print out the Utilization by Hierarchy section.
