ISim log file
Running: H:\cse462\switch_channels\bandwidth_counter_isim_beh.exe -intstyle ise -gui -tclbatch isim.cmd -wdb H:/cse462/switch_channels/bandwidth_counter_isim_beh.wdb 
ISim P.20131013 (signature 0x7708f090)
----------------------------------------------------------------------
INFO:Security:50 - The XILINXD_LICENSE_FILE environment variable is set to '27017@licensing02.seas.wustl.edu'.
INFO:Security:53 - The LM_LICENSE_FILE environment variable is not set.
WARNING:Security:43 - No license file was found in the standard Xilinx license directory.
WARNING:Security:44 - Since no license file was found,
       please run the Xilinx License Configuration Manager
       (xlcm or "Manage Xilinx Licenses")
       to assist in obtaining a license.
WARNING:Security:42 - Your software subscription period has lapsed. Your current version of Xilinx tools will continue to function, but you no longer qualify for Xilinx software updates or new releases.


----------------------------------------------------------------------
This is a Full version of ISim.
Time resolution is 1 ps
# onerror resume
# wave add /
# run 1000 ns
Simulator is doing circuit initialization process.
at 0 ps: Note: WARNING: Behavioral models for independent clock FIFO configurations do not model synchronization delays. The behavioral models are functionally correct, and will represent the behavior of the configured FIFO. See the FIFO Generator User Guide for more information. (/bandwidth_counter/fifo1/U0/gconvfifo/inst_conv_fifo/).
at 0 ps, Instance /bandwidth_counter/\gen_sr(0)\/inst_shift_reg/U0/i_bb_inst/ : Warning: NUMERIC_STD.TO_UNSIGNED: vector truncated
at 0 ps, Instance /bandwidth_counter/\gen_sr(1)\/inst_shift_reg/U0/i_bb_inst/ : Warning: NUMERIC_STD.TO_UNSIGNED: vector truncated
at 0 ps, Instance /bandwidth_counter/\gen_sr(2)\/inst_shift_reg/U0/i_bb_inst/ : Warning: NUMERIC_STD.TO_UNSIGNED: vector truncated
at 0 ps, Instance /bandwidth_counter/\gen_sr(3)\/inst_shift_reg/U0/i_bb_inst/ : Warning: NUMERIC_STD.TO_UNSIGNED: vector truncated
at 0 ps, Instance /bandwidth_counter/\gen_sr(4)\/inst_shift_reg/U0/i_bb_inst/ : Warning: NUMERIC_STD.TO_UNSIGNED: vector truncated
at 0 ps, Instance /bandwidth_counter/\gen_sr(5)\/inst_shift_reg/U0/i_bb_inst/ : Warning: NUMERIC_STD.TO_UNSIGNED: vector truncated
at 0 ps, Instance /bandwidth_counter/\gen_sr(6)\/inst_shift_reg/U0/i_bb_inst/ : Warning: NUMERIC_STD.TO_UNSIGNED: vector truncated
at 0 ps, Instance /bandwidth_counter/\gen_sr(7)\/inst_shift_reg/U0/i_bb_inst/ : Warning: NUMERIC_STD.TO_UNSIGNED: vector truncated
Finished circuit initialization process.
# restart
# isim force add /bandwidth_counter/switch_channel 1 -radix bin
# source simulation2.tcl
Simulator is doing circuit initialization process.
at 0 ps: Note: WARNING: Behavioral models for independent clock FIFO configurations do not model synchronization delays. The behavioral models are functionally correct, and will represent the behavior of the configured FIFO. See the FIFO Generator User Guide for more information. (/bandwidth_counter/fifo1/U0/gconvfifo/inst_conv_fifo/).
at 0 ps, Instance /bandwidth_counter/\gen_sr(0)\/inst_shift_reg/U0/i_bb_inst/ : Warning: NUMERIC_STD.TO_UNSIGNED: vector truncated
at 0 ps, Instance /bandwidth_counter/\gen_sr(1)\/inst_shift_reg/U0/i_bb_inst/ : Warning: NUMERIC_STD.TO_UNSIGNED: vector truncated
at 0 ps, Instance /bandwidth_counter/\gen_sr(2)\/inst_shift_reg/U0/i_bb_inst/ : Warning: NUMERIC_STD.TO_UNSIGNED: vector truncated
at 0 ps, Instance /bandwidth_counter/\gen_sr(3)\/inst_shift_reg/U0/i_bb_inst/ : Warning: NUMERIC_STD.TO_UNSIGNED: vector truncated
at 0 ps, Instance /bandwidth_counter/\gen_sr(4)\/inst_shift_reg/U0/i_bb_inst/ : Warning: NUMERIC_STD.TO_UNSIGNED: vector truncated
at 0 ps, Instance /bandwidth_counter/\gen_sr(5)\/inst_shift_reg/U0/i_bb_inst/ : Warning: NUMERIC_STD.TO_UNSIGNED: vector truncated
at 0 ps, Instance /bandwidth_counter/\gen_sr(6)\/inst_shift_reg/U0/i_bb_inst/ : Warning: NUMERIC_STD.TO_UNSIGNED: vector truncated
at 0 ps, Instance /bandwidth_counter/\gen_sr(7)\/inst_shift_reg/U0/i_bb_inst/ : Warning: NUMERIC_STD.TO_UNSIGNED: vector truncated
Finished circuit initialization process.
# isim force add /bandwidth_counter/switch_channel 0 -radix bin
# source simulation2.tcl
# isim force add /bandwidth_counter/switch_channel 1 -radix bin
# run 10 ns
# run 10ns
# run 50ns
# isim force add /bandwidth_counter/switch_channel 0 -radix bin
# run 500 ns
